android/app/build/intermediates/manifest_merge_blame_file/debug/manifest-merger-blame-debug-report.txt
1<?xml version="1.0" encoding="utf-8"?>
2<manifest xmlns:android="http://schemas.android.com/apk/res/android"
3    package="com.awesomeproject"
4    android:versionCode="1"
5    android:versionName="1.0" >
6
7    <uses-sdk
8        android:minSdkVersion="21"
9        android:targetSdkVersion="33" />
10
11    <uses-permission android:name="android.permission.SYSTEM_ALERT_WINDOW" />
11-->src/debug/AndroidManifest.xml:5:5-77
11-->src/debug/AndroidManifest.xml:5:22-75
12    <uses-permission android:name="android.permission.INTERNET" />
12-->src/main/AndroidManifest.xml:4:5-67
12-->src/main/AndroidManifest.xml:4:22-64
13    <uses-permission android:name="android.permission.FOREGROUND_SERVICE" />
13-->src/main/AndroidManifest.xml:5:5-77
13-->src/main/AndroidManifest.xml:5:22-74
14    <uses-permission android:name="android.permission.ACCESS_WIFI_STATE" />
14-->[com.facebook.flipper:flipper:0.182.0] AndroidManifest.xml:16:5-76
14-->[com.facebook.flipper:flipper:0.182.0] AndroidManifest.xml:16:22-73
15
16    <application
16-->src/main/AndroidManifest.xml:7:5-39:19
17        android:name="com.awesomeproject.MainApplication"
17-->src/main/AndroidManifest.xml:8:9-40
18        android:allowBackup="false"
18-->src/main/AndroidManifest.xml:9:9-36
19        android:appComponentFactory="androidx.core.app.CoreComponentFactory"
19-->[androidx.core:core:1.8.0] AndroidManifest.xml:24:18-86
20        android:debuggable="true"
21        android:icon="@mipmap/ic_launcher"
21-->src/main/AndroidManifest.xml:10:9-43
22        android:label="@string/app_name"
22-->src/main/AndroidManifest.xml:11:9-41
23        android:roundIcon="@mipmap/ic_launcher_round"
23-->src/main/AndroidManifest.xml:12:9-54
24        android:theme="@style/AppTheme"
24-->src/main/AndroidManifest.xml:13:9-40
25        android:usesCleartextTraffic="true" >
25-->src/debug/AndroidManifest.xml:8:9-44
26        <activity
26-->src/debug/AndroidManifest.xml:11:9-111
27            android:name="com.facebook.react.devsupport.DevSettingsActivity"
27-->src/debug/AndroidManifest.xml:11:19-83
28            android:exported="false" />
28-->src/debug/AndroidManifest.xml:11:84-108
29
30        <receiver
30-->src/main/AndroidManifest.xml:14:9-24:20
31            android:name="com.awesomeproject.MyWidget"
31-->src/main/AndroidManifest.xml:15:13-37
32            android:exported="false" >
32-->src/main/AndroidManifest.xml:16:13-37
33            <intent-filter>
33-->src/main/AndroidManifest.xml:17:13-19:29
34                <action android:name="android.appwidget.action.APPWIDGET_UPDATE" />
34-->src/main/AndroidManifest.xml:18:17-84
34-->src/main/AndroidManifest.xml:18:25-81
35            </intent-filter>
36
37            <meta-data
37-->src/main/AndroidManifest.xml:21:13-23:58
38                android:name="android.appwidget.provider"
38-->src/main/AndroidManifest.xml:22:17-58
39                android:resource="@xml/my_widget_info" />
39-->src/main/AndroidManifest.xml:23:17-55
40        </receiver>
41
42        <activity
42-->src/main/AndroidManifest.xml:26:9-38:20
43            android:name="com.awesomeproject.MainActivity"
43-->src/main/AndroidManifest.xml:27:13-41
44            android:configChanges="keyboard|keyboardHidden|orientation|screenLayout|screenSize|smallestScreenSize|uiMode"
44-->src/main/AndroidManifest.xml:28:13-122
45            android:exported="true"
45-->src/main/AndroidManifest.xml:29:13-36
46            android:label="@string/app_name"
46-->src/main/AndroidManifest.xml:30:13-45
47            android:launchMode="singleTask"
47-->src/main/AndroidManifest.xml:31:13-44
48            android:windowSoftInputMode="adjustResize" >
48-->src/main/AndroidManifest.xml:32:13-55
49            <intent-filter>
49-->src/main/AndroidManifest.xml:33:13-37:29
50                <action android:name="android.intent.action.MAIN" />
50-->src/main/AndroidManifest.xml:34:17-69
50-->src/main/AndroidManifest.xml:34:25-66
51
52                <category android:name="android.intent.category.LAUNCHER" />
52-->src/main/AndroidManifest.xml:36:17-77
52-->src/main/AndroidManifest.xml:36:27-74
53            </intent-filter>
54        </activity>
55
56        <provider
56-->[androidx.emoji2:emoji2:1.2.0] AndroidManifest.xml:24:9-32:20
57            android:name="androidx.startup.InitializationProvider"
57-->[androidx.emoji2:emoji2:1.2.0] AndroidManifest.xml:25:13-67
58            android:authorities="com.awesomeproject.androidx-startup"
58-->[androidx.emoji2:emoji2:1.2.0] AndroidManifest.xml:26:13-68
59            android:exported="false" >
59-->[androidx.emoji2:emoji2:1.2.0] AndroidManifest.xml:27:13-37
60            <meta-data
60-->[androidx.emoji2:emoji2:1.2.0] AndroidManifest.xml:29:13-31:52
61                android:name="androidx.emoji2.text.EmojiCompatInitializer"
61-->[androidx.emoji2:emoji2:1.2.0] AndroidManifest.xml:30:17-75
62                android:value="androidx.startup" />
62-->[androidx.emoji2:emoji2:1.2.0] AndroidManifest.xml:31:17-49
63            <meta-data
63-->[androidx.lifecycle:lifecycle-process:2.4.1] AndroidManifest.xml:31:13-33:52
64                android:name="androidx.lifecycle.ProcessLifecycleInitializer"
64-->[androidx.lifecycle:lifecycle-process:2.4.1] AndroidManifest.xml:32:17-78
65                android:value="androidx.startup" />
65-->[androidx.lifecycle:lifecycle-process:2.4.1] AndroidManifest.xml:33:17-49
66        </provider>
67
68        <meta-data
68-->[com.facebook.soloader:soloader:0.10.5] AndroidManifest.xml:12:9-14:37
69            android:name="com.facebook.soloader.enabled"
69-->[com.facebook.soloader:soloader:0.10.5] AndroidManifest.xml:13:13-57
70            android:value="false" />
70-->[com.facebook.soloader:soloader:0.10.5] AndroidManifest.xml:14:13-34
71    </application>
72
73</manifest>